<?xml version="1.0" encoding="UTF-8"?>
<testng-results skipped="0" failed="1" ignored="0" total="5" passed="4">
  <reporter-output>
    <line>
      <![CDATA[Test completed]]>
    </line>
  </reporter-output>
  <suite name="Default suite" duration-ms="28328" started-at="2020-06-30T18:59:54 EDT" finished-at="2020-06-30T19:00:22 EDT">
    <groups>
    </groups>
    <test name="Default test" duration-ms="28328" started-at="2020-06-30T18:59:54 EDT" finished-at="2020-06-30T19:00:22 EDT">
      <class name="com.bolt.ui.tests.BoltTestCases">
        <test-method status="PASS" signature="setUp()[pri:0, instance:com.bolt.ui.tests.BoltTestCases@4b1c1ea0]" name="setUp" is-config="true" duration-ms="10817" started-at="2020-06-30T18:59:54 EDT" finished-at="2020-06-30T19:00:04 EDT">
          <reporter-output>
          </reporter-output>
        </test-method> <!-- setUp -->
        <test-method status="PASS" signature="verifyTitleTest()[pri:0, instance:com.bolt.ui.tests.BoltTestCases@4b1c1ea0]" name="verifyTitleTest" duration-ms="4032" started-at="2020-06-30T19:00:04 EDT" finished-at="2020-06-30T19:00:08 EDT">
          <reporter-output>
          </reporter-output>
        </test-method> <!-- verifyTitleTest -->
        <test-method status="PASS" signature="verifyTourTitleTest()[pri:1, instance:com.bolt.ui.tests.BoltTestCases@4b1c1ea0]" name="verifyTourTitleTest" duration-ms="5454" started-at="2020-06-30T19:00:08 EDT" finished-at="2020-06-30T19:00:14 EDT">
          <reporter-output>
          </reporter-output>
        </test-method> <!-- verifyTourTitleTest -->
        <test-method status="PASS" signature="verifyTechnologyTitleTest()[pri:3, instance:com.bolt.ui.tests.BoltTestCases@4b1c1ea0]" name="verifyTechnologyTitleTest" duration-ms="1532" started-at="2020-06-30T19:00:14 EDT" finished-at="2020-06-30T19:00:15 EDT">
          <reporter-output>
          </reporter-output>
        </test-method> <!-- verifyTechnologyTitleTest -->
        <test-method status="PASS" signature="verifyLoginButtonTest()[pri:4, instance:com.bolt.ui.tests.BoltTestCases@4b1c1ea0]" name="verifyLoginButtonTest" duration-ms="59" started-at="2020-06-30T19:00:15 EDT" finished-at="2020-06-30T19:00:15 EDT">
          <reporter-output>
          </reporter-output>
        </test-method> <!-- verifyLoginButtonTest -->
        <test-method status="FAIL" signature="verifyInvalidLoginTest()[pri:5, instance:com.bolt.ui.tests.BoltTestCases@4b1c1ea0]" name="verifyInvalidLoginTest" duration-ms="5488" started-at="2020-06-30T19:00:15 EDT" finished-at="2020-06-30T19:00:21 EDT">
          <exception class="java.lang.AssertionError">
            <message>
              <![CDATA[The following asserts failed:
Actual URL is not same as expected URL expected [https://my.discoverorca.com/login] but found [https://www.discoverorca/feed/]]]>
            </message>
            <full-stacktrace>
              <![CDATA[java.lang.AssertionError: The following asserts failed:
Actual URL is not same as expected URL expected [https://my.discoverorca.com/login] but found [https://www.discoverorca/feed/]
at org.testng.asserts.SoftAssert.assertAll(SoftAssert.java:47)
at org.testng.asserts.SoftAssert.assertAll(SoftAssert.java:31)
at com.bolt.ui.tests.BoltTestCases.verifyInvalidLoginTest(BoltTestCases.java:75)
at sun.reflect.NativeMethodAccessorImpl.invoke0(Native Method)
at sun.reflect.NativeMethodAccessorImpl.invoke(NativeMethodAccessorImpl.java:62)
at sun.reflect.DelegatingMethodAccessorImpl.invoke(DelegatingMethodAccessorImpl.java:43)
at java.lang.reflect.Method.invoke(Method.java:498)
at org.testng.internal.MethodInvocationHelper.invokeMethod(MethodInvocationHelper.java:135)
at org.testng.internal.TestInvoker.invokeMethod(TestInvoker.java:598)
at org.testng.internal.TestInvoker.invokeTestMethod(TestInvoker.java:174)
at org.testng.internal.MethodRunner.runInSequence(MethodRunner.java:46)
at org.testng.internal.TestInvoker$MethodInvocationAgent.invoke(TestInvoker.java:821)
at org.testng.internal.TestInvoker.invokeTestMethods(TestInvoker.java:147)
at org.testng.internal.TestMethodWorker.invokeTestMethods(TestMethodWorker.java:146)
at org.testng.internal.TestMethodWorker.run(TestMethodWorker.java:128)
at java.util.ArrayList.forEach(ArrayList.java:1257)
at org.testng.TestRunner.privateRun(TestRunner.java:767)
at org.testng.TestRunner.run(TestRunner.java:588)
at org.testng.SuiteRunner.runTest(SuiteRunner.java:384)
at org.testng.SuiteRunner.runSequentially(SuiteRunner.java:378)
at org.testng.SuiteRunner.privateRun(SuiteRunner.java:337)
at org.testng.SuiteRunner.run(SuiteRunner.java:286)
at org.testng.SuiteRunnerWorker.runSuite(SuiteRunnerWorker.java:53)
at org.testng.SuiteRunnerWorker.run(SuiteRunnerWorker.java:96)
at org.testng.TestNG.runSuitesSequentially(TestNG.java:1214)
at org.testng.TestNG.runSuitesLocally(TestNG.java:1136)
at org.testng.TestNG.runSuites(TestNG.java:1066)
at org.testng.TestNG.run(TestNG.java:1034)
at org.testng.remote.AbstractRemoteTestNG.run(AbstractRemoteTestNG.java:115)
at org.testng.remote.RemoteTestNG.initAndRun(RemoteTestNG.java:251)
at org.testng.remote.RemoteTestNG.main(RemoteTestNG.java:77)
]]>
            </full-stacktrace>
          </exception> <!-- java.lang.AssertionError -->
          <reporter-output>
          </reporter-output>
        </test-method> <!-- verifyInvalidLoginTest -->
        <test-method status="PASS" signature="endSetUp()[pri:0, instance:com.bolt.ui.tests.BoltTestCases@4b1c1ea0]" name="endSetUp" is-config="true" duration-ms="879" started-at="2020-06-30T19:00:21 EDT" finished-at="2020-06-30T19:00:22 EDT">
          <reporter-output>
            <line>
              <![CDATA[Test completed]]>
            </line>
          </reporter-output>
        </test-method> <!-- endSetUp -->
      </class> <!-- com.bolt.ui.tests.BoltTestCases -->
    </test> <!-- Default test -->
  </suite> <!-- Default suite -->
</testng-results>
